android/build/intermediates/manifest_merge_blame_file/debug/manifest-merger-blame-debug-report.txt
1<?xml version="1.0" encoding="utf-8"?>
2<manifest xmlns:android="http://schemas.android.com/apk/res/android"
3    package="com.learnium.RNDeviceInfo"
4    android:versionCode="2"
5    android:versionName="1.1" >
6
7    <uses-sdk
8        android:minSdkVersion="16"
8-->src/main/AndroidManifest.xml
9        android:targetSdkVersion="29" />
9-->src/main/AndroidManifest.xml
10
11    <application>
11-->src/main/AndroidManifest.xml:4:5-14:19
12        <receiver
12-->src/main/AndroidManifest.xml:5:9-13:20
13            android:name="com.learnium.RNDeviceInfo.RNDeviceReceiver"
13-->src/main/AndroidManifest.xml:6:13-70
14            android:enabled="true"
14-->src/main/AndroidManifest.xml:7:13-35
15            android:exported="true" >
15-->src/main/AndroidManifest.xml:8:13-36
16            <intent-filter>
16-->src/main/AndroidManifest.xml:10:13-12:29
17                <action android:name="com.android.vending.INSTALL_REFERRER" />
17-->src/main/AndroidManifest.xml:11:17-79
17-->src/main/AndroidManifest.xml:11:25-76
18            </intent-filter>
19        </receiver>
20    </application>
21
22</manifest>